<?xml version="1.0" encoding="UTF-8"?>
<testsuite name="tourGuide.TestTourGuideService" tests="1" skipped="0" failures="0" errors="0" timestamp="2021-02-14T21:45:53" hostname="iNebrass.local" time="2.648">
  <properties/>
  <testcase name="getNearbyTouristAttractionsDTO" classname="tourGuide.TestTourGuideService" time="2.648"/>
  <system-out><![CDATA[22:45:53.220 [Test worker] INFO tourGuide.service.TourGuideService - TestMode enabled
22:45:53.246 [Test worker] DEBUG tourGuide.service.TourGuideService - Initializing users
22:45:53.252 [Test worker] DEBUG tourGuide.service.TourGuideService - Created 0 internal test users.
22:45:53.252 [Test worker] DEBUG tourGuide.service.TourGuideService - Finished initializing users
22:45:53.268 [pool-1-thread-1] DEBUG tourGuide.tracker.Tracker - Begin Tracker. Tracking 0 users.
22:45:53.270 [pool-1-thread-1] DEBUG tourGuide.tracker.Tracker - Tracker Time Elapsed: 0 seconds.
22:45:53.270 [pool-1-thread-1] DEBUG tourGuide.tracker.Tracker - Tracker sleeping
gpsUtil.location.VisitedLocation@3ece7ffa
]]></system-out>
  <system-err><![CDATA[Feb 14, 2021 10:45:53 PM org.javamoney.moneta.DefaultMonetaryContextFactory createMonetaryContextNonNullConfig
INFO: Using custom MathContext: precision=256, roundingMode=HALF_EVEN
]]></system-err>
</testsuite>
