<?xml version="1.0" encoding="UTF-8"?>
<testsuite name="tourGuide.TestTourGuideService" tests="1" skipped="0" failures="0" errors="0" timestamp="2021-02-11T10:40:55" hostname="iNebrass.local" time="0.32">
  <properties/>
  <testcase name="getNearbyAttractions" classname="tourGuide.TestTourGuideService" time="0.32"/>
  <system-out><![CDATA[11:40:55.227 [Test worker] INFO tourGuide.service.TourGuideService - TestMode enabled
11:40:55.241 [Test worker] DEBUG tourGuide.service.TourGuideService - Initializing users
11:40:55.245 [Test worker] DEBUG tourGuide.service.TourGuideService - Created 0 internal test users.
11:40:55.246 [Test worker] DEBUG tourGuide.service.TourGuideService - Finished initializing users
11:40:55.257 [pool-1-thread-1] DEBUG tourGuide.tracker.Tracker - Begin Tracker. Tracking 0 users.
11:40:55.258 [pool-1-thread-1] DEBUG tourGuide.tracker.Tracker - Tracker Time Elapsed: 0 seconds.
11:40:55.258 [pool-1-thread-1] DEBUG tourGuide.tracker.Tracker - Tracker sleeping
gpsUtil.location.VisitedLocation@5c96356d
[gpsUtil.location.Attraction@562bffcf, gpsUtil.location.Attraction@21f20654, gpsUtil.location.Attraction@674f13fc, gpsUtil.location.Attraction@a9f6f25, gpsUtil.location.Attraction@3c33c3e]
]]></system-out>
  <system-err><![CDATA[Feb 11, 2021 11:40:55 AM org.javamoney.moneta.DefaultMonetaryContextFactory createMonetaryContextNonNullConfig
INFO: Using custom MathContext: precision=256, roundingMode=HALF_EVEN
]]></system-err>
</testsuite>
